[debug] [2024-01-15T07:12:04.888Z] ----------------------------------------------------------------------
[debug] [2024-01-15T07:12:04.890Z] Command:       D:\Program Files\nodejs\node.exe C:\Users\NabinIslam\AppData\Roaming\npm\node_modules\firebase-tools\lib\bin\firebase.js deploy
[debug] [2024-01-15T07:12:04.891Z] CLI Version:   13.0.3
[debug] [2024-01-15T07:12:04.891Z] Platform:      win32
[debug] [2024-01-15T07:12:04.891Z] Node Version:  v20.9.0
[debug] [2024-01-15T07:12:04.891Z] Time:          Mon Jan 15 2024 13:12:04 GMT+0600 (Bangladesh Standard Time)
[debug] [2024-01-15T07:12:04.891Z] ----------------------------------------------------------------------
[debug] 
[debug] [2024-01-15T07:12:04.987Z] > command requires scopes: ["email","openid","https://www.googleapis.com/auth/cloudplatformprojects.readonly","https://www.googleapis.com/auth/firebase","https://www.googleapis.com/auth/cloud-platform"]
[debug] [2024-01-15T07:12:04.987Z] > authorizing via signed-in user (sinabin62246@gmail.com)
[debug] [2024-01-15T07:12:04.987Z] [iam] checking project blogify-4a819 for permissions ["firebase.projects.get","firebasehosting.sites.update"]
[debug] [2024-01-15T07:12:04.989Z] >>> [apiv2][query] POST https://cloudresourcemanager.googleapis.com/v1/projects/blogify-4a819:testIamPermissions [none]
[debug] [2024-01-15T07:12:04.989Z] >>> [apiv2][(partial)header] POST https://cloudresourcemanager.googleapis.com/v1/projects/blogify-4a819:testIamPermissions x-goog-quota-user=projects/blogify-4a819
[debug] [2024-01-15T07:12:04.989Z] >>> [apiv2][body] POST https://cloudresourcemanager.googleapis.com/v1/projects/blogify-4a819:testIamPermissions {"permissions":["firebase.projects.get","firebasehosting.sites.update"]}
[debug] [2024-01-15T07:12:06.724Z] <<< [apiv2][status] POST https://cloudresourcemanager.googleapis.com/v1/projects/blogify-4a819:testIamPermissions 200
[debug] [2024-01-15T07:12:06.724Z] <<< [apiv2][body] POST https://cloudresourcemanager.googleapis.com/v1/projects/blogify-4a819:testIamPermissions {"permissions":["firebase.projects.get","firebasehosting.sites.update"]}
[debug] [2024-01-15T07:12:06.725Z] >>> [apiv2][query] GET https://firebase.googleapis.com/v1beta1/projects/blogify-4a819 [none]
[debug] [2024-01-15T07:12:07.283Z] <<< [apiv2][status] GET https://firebase.googleapis.com/v1beta1/projects/blogify-4a819 200
[debug] [2024-01-15T07:12:07.283Z] <<< [apiv2][body] GET https://firebase.googleapis.com/v1beta1/projects/blogify-4a819 {"projectId":"blogify-4a819","projectNumber":"299993702074","displayName":"blogify","name":"projects/blogify-4a819","resources":{"hostingSite":"blogify-4a819"},"state":"ACTIVE","etag":"1_db1e6793-55b1-4d09-99d3-c0d6f44fc3ae"}
[debug] [2024-01-15T07:12:10.136Z] >>> [apiv2][query] GET https://firebasehosting.googleapis.com/v1beta1/projects/blogify-4a819/sites pageToken=&pageSize=10
[debug] [2024-01-15T07:12:11.372Z] <<< [apiv2][status] GET https://firebasehosting.googleapis.com/v1beta1/projects/blogify-4a819/sites 200
[debug] [2024-01-15T07:12:11.372Z] <<< [apiv2][body] GET https://firebasehosting.googleapis.com/v1beta1/projects/blogify-4a819/sites {"sites":[{"name":"projects/blogify-4a819/sites/blogify-4a819","defaultUrl":"https://blogify-4a819.web.app","appId":"1:299993702074:web:7d4fb7baea243450836c83","type":"DEFAULT_SITE"}]}
[debug] [2024-01-15T07:12:11.372Z] >>> [apiv2][query] GET https://firebase.googleapis.com/v1beta1/projects/-/webApps/1:299993702074:web:7d4fb7baea243450836c83/config [none]
[debug] [2024-01-15T07:12:11.999Z] <<< [apiv2][status] GET https://firebase.googleapis.com/v1beta1/projects/-/webApps/1:299993702074:web:7d4fb7baea243450836c83/config 200
[debug] [2024-01-15T07:12:12.000Z] <<< [apiv2][body] GET https://firebase.googleapis.com/v1beta1/projects/-/webApps/1:299993702074:web:7d4fb7baea243450836c83/config {"projectId":"blogify-4a819","appId":"1:299993702074:web:7d4fb7baea243450836c83","storageBucket":"blogify-4a819.appspot.com","apiKey":"AIzaSyDdoP6NwL4AFVCNnZP-X3J5LWbRa13RrIk","authDomain":"blogify-4a819.firebaseapp.com","messagingSenderId":"299993702074"}
[info] 
   Thank you for trying our early preview of Next.js support on Firebase Hosting.
   During the preview, support is best-effort and breaking changes can be expected. Proceed with caution.

   Documentation: https://firebase.google.com/docs/hosting/frameworks/nextjs
   File a bug: https://github.com/firebase/firebase-tools/issues/new?template=bug_report.md
   Submit a feature request: https://github.com/firebase/firebase-tools/issues/new?template=feature_request.md

   We'd love to learn from you. Express your interest in helping us shape the future of Firebase Hosting: https://goo.gle/41enW5X

[debug] [2024-01-15T07:12:18.181Z] >>> [apiv2][query] GET https://firebasehosting.googleapis.com/v1beta1/projects/blogify-4a819/sites/blogify-4a819 [none]
[debug] [2024-01-15T07:12:19.295Z] <<< [apiv2][status] GET https://firebasehosting.googleapis.com/v1beta1/projects/blogify-4a819/sites/blogify-4a819 200
[debug] [2024-01-15T07:12:19.295Z] <<< [apiv2][body] GET https://firebasehosting.googleapis.com/v1beta1/projects/blogify-4a819/sites/blogify-4a819 {"name":"projects/blogify-4a819/sites/blogify-4a819","defaultUrl":"https://blogify-4a819.web.app","appId":"1:299993702074:web:7d4fb7baea243450836c83","type":"DEFAULT_SITE"}
[info]    ▲ Next.js 14.0.4

[info]    - Environments: .env.local, .env

   Creating an optimized production build ...

[info] uncaughtException [Error: EPERM: operation not permitted, open 'C:\Users\NabinIslam\Desktop\blogify\.next\trace'] {
  errno: -4048,
  code: 'EPERM',
  syscall: 'open',
  path: 'C:\\Users\\NabinIslam\\Desktop\\blogify\\.next\\trace'
}

[debug] [2024-01-15T07:12:22.745Z] Error: ENOENT: no such file or directory, open 'C:\Users\NabinIslam\Desktop\blogify\.next\server\middleware-manifest.json'
[error] 
[error] Error: An unexpected error has occurred.
[debug] [2024-01-15T07:16:39.349Z] ----------------------------------------------------------------------
[debug] [2024-01-15T07:16:39.351Z] Command:       D:\Program Files\nodejs\node.exe C:\Users\NabinIslam\AppData\Roaming\npm\node_modules\firebase-tools\lib\bin\firebase.js deploy
[debug] [2024-01-15T07:16:39.351Z] CLI Version:   13.0.3
[debug] [2024-01-15T07:16:39.352Z] Platform:      win32
[debug] [2024-01-15T07:16:39.352Z] Node Version:  v20.9.0
[debug] [2024-01-15T07:16:39.352Z] Time:          Mon Jan 15 2024 13:16:39 GMT+0600 (Bangladesh Standard Time)
[debug] [2024-01-15T07:16:39.352Z] ----------------------------------------------------------------------
[debug] 
[debug] [2024-01-15T07:16:39.412Z] > command requires scopes: ["email","openid","https://www.googleapis.com/auth/cloudplatformprojects.readonly","https://www.googleapis.com/auth/firebase","https://www.googleapis.com/auth/cloud-platform"]
[debug] [2024-01-15T07:16:39.413Z] > authorizing via signed-in user (sinabin62246@gmail.com)
[debug] [2024-01-15T07:16:39.413Z] [iam] checking project blogify-4a819 for permissions ["firebase.projects.get","firebasehosting.sites.update"]
[debug] [2024-01-15T07:16:39.414Z] >>> [apiv2][query] POST https://cloudresourcemanager.googleapis.com/v1/projects/blogify-4a819:testIamPermissions [none]
[debug] [2024-01-15T07:16:39.415Z] >>> [apiv2][(partial)header] POST https://cloudresourcemanager.googleapis.com/v1/projects/blogify-4a819:testIamPermissions x-goog-quota-user=projects/blogify-4a819
[debug] [2024-01-15T07:16:39.415Z] >>> [apiv2][body] POST https://cloudresourcemanager.googleapis.com/v1/projects/blogify-4a819:testIamPermissions {"permissions":["firebase.projects.get","firebasehosting.sites.update"]}
[debug] [2024-01-15T07:16:40.985Z] <<< [apiv2][status] POST https://cloudresourcemanager.googleapis.com/v1/projects/blogify-4a819:testIamPermissions 200
[debug] [2024-01-15T07:16:40.985Z] <<< [apiv2][body] POST https://cloudresourcemanager.googleapis.com/v1/projects/blogify-4a819:testIamPermissions {"permissions":["firebase.projects.get","firebasehosting.sites.update"]}
[debug] [2024-01-15T07:16:40.986Z] >>> [apiv2][query] GET https://firebase.googleapis.com/v1beta1/projects/blogify-4a819 [none]
[debug] [2024-01-15T07:16:41.515Z] <<< [apiv2][status] GET https://firebase.googleapis.com/v1beta1/projects/blogify-4a819 200
[debug] [2024-01-15T07:16:41.515Z] <<< [apiv2][body] GET https://firebase.googleapis.com/v1beta1/projects/blogify-4a819 {"projectId":"blogify-4a819","projectNumber":"299993702074","displayName":"blogify","name":"projects/blogify-4a819","resources":{"hostingSite":"blogify-4a819"},"state":"ACTIVE","etag":"1_db1e6793-55b1-4d09-99d3-c0d6f44fc3ae"}
[debug] [2024-01-15T07:16:44.249Z] >>> [apiv2][query] GET https://firebasehosting.googleapis.com/v1beta1/projects/blogify-4a819/sites pageToken=&pageSize=10
[debug] [2024-01-15T07:16:45.412Z] <<< [apiv2][status] GET https://firebasehosting.googleapis.com/v1beta1/projects/blogify-4a819/sites 200
[debug] [2024-01-15T07:16:45.412Z] <<< [apiv2][body] GET https://firebasehosting.googleapis.com/v1beta1/projects/blogify-4a819/sites {"sites":[{"name":"projects/blogify-4a819/sites/blogify-4a819","defaultUrl":"https://blogify-4a819.web.app","appId":"1:299993702074:web:7d4fb7baea243450836c83","type":"DEFAULT_SITE"}]}
[debug] [2024-01-15T07:16:45.413Z] >>> [apiv2][query] GET https://firebase.googleapis.com/v1beta1/projects/-/webApps/1:299993702074:web:7d4fb7baea243450836c83/config [none]
[debug] [2024-01-15T07:16:46.274Z] <<< [apiv2][status] GET https://firebase.googleapis.com/v1beta1/projects/-/webApps/1:299993702074:web:7d4fb7baea243450836c83/config 200
[debug] [2024-01-15T07:16:46.274Z] <<< [apiv2][body] GET https://firebase.googleapis.com/v1beta1/projects/-/webApps/1:299993702074:web:7d4fb7baea243450836c83/config {"projectId":"blogify-4a819","appId":"1:299993702074:web:7d4fb7baea243450836c83","storageBucket":"blogify-4a819.appspot.com","apiKey":"AIzaSyDdoP6NwL4AFVCNnZP-X3J5LWbRa13RrIk","authDomain":"blogify-4a819.firebaseapp.com","messagingSenderId":"299993702074"}
[info] 
   Thank you for trying our early preview of Next.js support on Firebase Hosting.
   During the preview, support is best-effort and breaking changes can be expected. Proceed with caution.

   Documentation: https://firebase.google.com/docs/hosting/frameworks/nextjs
   File a bug: https://github.com/firebase/firebase-tools/issues/new?template=bug_report.md
   Submit a feature request: https://github.com/firebase/firebase-tools/issues/new?template=feature_request.md

   We'd love to learn from you. Express your interest in helping us shape the future of Firebase Hosting: https://goo.gle/41enW5X

[debug] [2024-01-15T07:16:52.262Z] >>> [apiv2][query] GET https://firebasehosting.googleapis.com/v1beta1/projects/blogify-4a819/sites/blogify-4a819 [none]
[debug] [2024-01-15T07:16:53.375Z] <<< [apiv2][status] GET https://firebasehosting.googleapis.com/v1beta1/projects/blogify-4a819/sites/blogify-4a819 200
[debug] [2024-01-15T07:16:53.375Z] <<< [apiv2][body] GET https://firebasehosting.googleapis.com/v1beta1/projects/blogify-4a819/sites/blogify-4a819 {"name":"projects/blogify-4a819/sites/blogify-4a819","defaultUrl":"https://blogify-4a819.web.app","appId":"1:299993702074:web:7d4fb7baea243450836c83","type":"DEFAULT_SITE"}
[info]    ▲ Next.js 14.0.4

[info]    - Environments: .env.local, .env

   Creating an optimized production build ...

[debug] [2024-01-15T07:42:57.824Z] ----------------------------------------------------------------------
[debug] [2024-01-15T07:42:57.826Z] Command:       D:\Program Files\nodejs\node.exe C:\Users\NabinIslam\AppData\Roaming\npm\node_modules\firebase-tools\lib\bin\firebase.js deploy
[debug] [2024-01-15T07:42:57.826Z] CLI Version:   13.0.3
[debug] [2024-01-15T07:42:57.827Z] Platform:      win32
[debug] [2024-01-15T07:42:57.827Z] Node Version:  v20.9.0
[debug] [2024-01-15T07:42:57.827Z] Time:          Mon Jan 15 2024 13:42:57 GMT+0600 (Bangladesh Standard Time)
[debug] [2024-01-15T07:42:57.827Z] ----------------------------------------------------------------------
[debug] 
[debug] [2024-01-15T07:42:57.887Z] > command requires scopes: ["email","openid","https://www.googleapis.com/auth/cloudplatformprojects.readonly","https://www.googleapis.com/auth/firebase","https://www.googleapis.com/auth/cloud-platform"]
[debug] [2024-01-15T07:42:57.888Z] > authorizing via signed-in user (sinabin62246@gmail.com)
[debug] [2024-01-15T07:42:57.888Z] [iam] checking project blogify-4a819 for permissions ["firebase.projects.get","firebasehosting.sites.update"]
[debug] [2024-01-15T07:42:57.889Z] >>> [apiv2][query] POST https://cloudresourcemanager.googleapis.com/v1/projects/blogify-4a819:testIamPermissions [none]
[debug] [2024-01-15T07:42:57.890Z] >>> [apiv2][(partial)header] POST https://cloudresourcemanager.googleapis.com/v1/projects/blogify-4a819:testIamPermissions x-goog-quota-user=projects/blogify-4a819
[debug] [2024-01-15T07:42:57.890Z] >>> [apiv2][body] POST https://cloudresourcemanager.googleapis.com/v1/projects/blogify-4a819:testIamPermissions {"permissions":["firebase.projects.get","firebasehosting.sites.update"]}
[debug] [2024-01-15T07:42:59.546Z] <<< [apiv2][status] POST https://cloudresourcemanager.googleapis.com/v1/projects/blogify-4a819:testIamPermissions 200
[debug] [2024-01-15T07:42:59.546Z] <<< [apiv2][body] POST https://cloudresourcemanager.googleapis.com/v1/projects/blogify-4a819:testIamPermissions {"permissions":["firebase.projects.get","firebasehosting.sites.update"]}
[debug] [2024-01-15T07:42:59.547Z] >>> [apiv2][query] GET https://firebase.googleapis.com/v1beta1/projects/blogify-4a819 [none]
[debug] [2024-01-15T07:43:00.150Z] <<< [apiv2][status] GET https://firebase.googleapis.com/v1beta1/projects/blogify-4a819 200
[debug] [2024-01-15T07:43:00.151Z] <<< [apiv2][body] GET https://firebase.googleapis.com/v1beta1/projects/blogify-4a819 {"projectId":"blogify-4a819","projectNumber":"299993702074","displayName":"blogify","name":"projects/blogify-4a819","resources":{"hostingSite":"blogify-4a819"},"state":"ACTIVE","etag":"1_db1e6793-55b1-4d09-99d3-c0d6f44fc3ae"}
[debug] [2024-01-15T07:43:02.947Z] >>> [apiv2][query] GET https://firebasehosting.googleapis.com/v1beta1/projects/blogify-4a819/sites pageToken=&pageSize=10
[debug] [2024-01-15T07:43:04.262Z] <<< [apiv2][status] GET https://firebasehosting.googleapis.com/v1beta1/projects/blogify-4a819/sites 200
[debug] [2024-01-15T07:43:04.262Z] <<< [apiv2][body] GET https://firebasehosting.googleapis.com/v1beta1/projects/blogify-4a819/sites {"sites":[{"name":"projects/blogify-4a819/sites/blogify-4a819","defaultUrl":"https://blogify-4a819.web.app","appId":"1:299993702074:web:7d4fb7baea243450836c83","type":"DEFAULT_SITE"}]}
[debug] [2024-01-15T07:43:04.262Z] >>> [apiv2][query] GET https://firebase.googleapis.com/v1beta1/projects/-/webApps/1:299993702074:web:7d4fb7baea243450836c83/config [none]
[debug] [2024-01-15T07:43:05.235Z] <<< [apiv2][status] GET https://firebase.googleapis.com/v1beta1/projects/-/webApps/1:299993702074:web:7d4fb7baea243450836c83/config 200
[debug] [2024-01-15T07:43:05.235Z] <<< [apiv2][body] GET https://firebase.googleapis.com/v1beta1/projects/-/webApps/1:299993702074:web:7d4fb7baea243450836c83/config {"projectId":"blogify-4a819","appId":"1:299993702074:web:7d4fb7baea243450836c83","storageBucket":"blogify-4a819.appspot.com","apiKey":"AIzaSyDdoP6NwL4AFVCNnZP-X3J5LWbRa13RrIk","authDomain":"blogify-4a819.firebaseapp.com","messagingSenderId":"299993702074"}
[info] 
   Thank you for trying our early preview of Next.js support on Firebase Hosting.
   During the preview, support is best-effort and breaking changes can be expected. Proceed with caution.

   Documentation: https://firebase.google.com/docs/hosting/frameworks/nextjs
   File a bug: https://github.com/firebase/firebase-tools/issues/new?template=bug_report.md
   Submit a feature request: https://github.com/firebase/firebase-tools/issues/new?template=feature_request.md

   We'd love to learn from you. Express your interest in helping us shape the future of Firebase Hosting: https://goo.gle/41enW5X

[debug] [2024-01-15T07:43:11.625Z] >>> [apiv2][query] GET https://firebasehosting.googleapis.com/v1beta1/projects/blogify-4a819/sites/blogify-4a819 [none]
[debug] [2024-01-15T07:43:12.842Z] <<< [apiv2][status] GET https://firebasehosting.googleapis.com/v1beta1/projects/blogify-4a819/sites/blogify-4a819 200
[debug] [2024-01-15T07:43:12.842Z] <<< [apiv2][body] GET https://firebasehosting.googleapis.com/v1beta1/projects/blogify-4a819/sites/blogify-4a819 {"name":"projects/blogify-4a819/sites/blogify-4a819","defaultUrl":"https://blogify-4a819.web.app","appId":"1:299993702074:web:7d4fb7baea243450836c83","type":"DEFAULT_SITE"}
[info]    ▲ Next.js 14.0.4

[info]    - Environments: .env.local, .env

   Creating an optimized production build ...

